[2.907s] Invoking command in '/home/brains/Desktop/robotic_arm/src/robotic_arm': PYTHONPATH=/home/brains/Desktop/robotic_arm/build/robotic_arm/prefix_override:/usr/lib/python3/dist-packages/colcon_core/task/python/colcon_distutils_commands:/home/brains/Desktop/robotic_arm/install/robotic_arm/lib/python3.12/site-packages:${PYTHONPATH} /usr/bin/python3 -W ignore:setup.py install is deprecated -W ignore:easy_install command is deprecated setup.py egg_info --egg-base ../../build/robotic_arm build --build-base /home/brains/Desktop/robotic_arm/build/robotic_arm/build install --record /home/brains/Desktop/robotic_arm/build/robotic_arm/install.log --single-version-externally-managed install_data
[3.130s] running egg_info
[3.130s] creating ../../build/robotic_arm/robotic_arm.egg-info
[3.149s] writing ../../build/robotic_arm/robotic_arm.egg-info/PKG-INFO
[3.149s] writing dependency_links to ../../build/robotic_arm/robotic_arm.egg-info/dependency_links.txt
[3.149s] writing requirements to ../../build/robotic_arm/robotic_arm.egg-info/requires.txt
[3.149s] writing top-level names to ../../build/robotic_arm/robotic_arm.egg-info/top_level.txt
[3.150s] writing manifest file '../../build/robotic_arm/robotic_arm.egg-info/SOURCES.txt'
[3.187s] reading manifest file '../../build/robotic_arm/robotic_arm.egg-info/SOURCES.txt'
[3.188s] adding license file 'LICENSE'
[3.188s] writing manifest file '../../build/robotic_arm/robotic_arm.egg-info/SOURCES.txt'
[3.188s] running build
[3.188s] running build_py
[3.188s] creating /home/brains/Desktop/robotic_arm/build/robotic_arm/build
[3.188s] creating /home/brains/Desktop/robotic_arm/build/robotic_arm/build/lib
[3.188s] creating /home/brains/Desktop/robotic_arm/build/robotic_arm/build/lib/robotic_arm
[3.188s] copying robotic_arm/__init__.py -> /home/brains/Desktop/robotic_arm/build/robotic_arm/build/lib/robotic_arm
[3.189s] running install
[3.193s] running install_lib
[3.212s] creating /home/brains/Desktop/robotic_arm/install/robotic_arm/lib/python3.12/site-packages/robotic_arm
[3.212s] copying /home/brains/Desktop/robotic_arm/build/robotic_arm/build/lib/robotic_arm/__init__.py -> /home/brains/Desktop/robotic_arm/install/robotic_arm/lib/python3.12/site-packages/robotic_arm
[3.213s] byte-compiling /home/brains/Desktop/robotic_arm/install/robotic_arm/lib/python3.12/site-packages/robotic_arm/__init__.py to __init__.cpython-312.pyc
[3.213s] running install_data
[3.213s] creating /home/brains/Desktop/robotic_arm/install/robotic_arm/share/ament_index
[3.213s] creating /home/brains/Desktop/robotic_arm/install/robotic_arm/share/ament_index/resource_index
[3.213s] creating /home/brains/Desktop/robotic_arm/install/robotic_arm/share/ament_index/resource_index/packages
[3.213s] copying resource/robotic_arm -> /home/brains/Desktop/robotic_arm/install/robotic_arm/share/ament_index/resource_index/packages
[3.214s] copying package.xml -> /home/brains/Desktop/robotic_arm/install/robotic_arm/share/robotic_arm
[3.214s] creating /home/brains/Desktop/robotic_arm/install/robotic_arm/share/robotic_arm/urdf
[3.214s] copying urdf/robot_arm_urdf.urdf -> /home/brains/Desktop/robotic_arm/install/robotic_arm/share/robotic_arm/urdf
[3.214s] creating /home/brains/Desktop/robotic_arm/install/robotic_arm/share/robotic_arm/meshes
[3.214s] creating /home/brains/Desktop/robotic_arm/install/robotic_arm/share/robotic_arm/launch
[3.214s] copying launch/display.launch.py -> /home/brains/Desktop/robotic_arm/install/robotic_arm/share/robotic_arm/launch
[3.215s] running install_egg_info
[3.234s] Copying ../../build/robotic_arm/robotic_arm.egg-info to /home/brains/Desktop/robotic_arm/install/robotic_arm/lib/python3.12/site-packages/robotic_arm-0.0.0-py3.12.egg-info
[3.235s] running install_scripts
[3.358s] writing list of installed files to '/home/brains/Desktop/robotic_arm/build/robotic_arm/install.log'
[3.380s] Invoked command in '/home/brains/Desktop/robotic_arm/src/robotic_arm' returned '0': PYTHONPATH=/home/brains/Desktop/robotic_arm/build/robotic_arm/prefix_override:/usr/lib/python3/dist-packages/colcon_core/task/python/colcon_distutils_commands:/home/brains/Desktop/robotic_arm/install/robotic_arm/lib/python3.12/site-packages:${PYTHONPATH} /usr/bin/python3 -W ignore:setup.py install is deprecated -W ignore:easy_install command is deprecated setup.py egg_info --egg-base ../../build/robotic_arm build --build-base /home/brains/Desktop/robotic_arm/build/robotic_arm/build install --record /home/brains/Desktop/robotic_arm/build/robotic_arm/install.log --single-version-externally-managed install_data
