[0.078s] DEBUG:colcon:Command line arguments: ['/usr/bin/colcon', 'list', '-p', '--base-paths', '/home/brains/Desktop/robotic_arm']
[0.078s] DEBUG:colcon:Parsed command line arguments: Namespace(log_base=None, log_level=None, verb_name='list', build_base='build', ignore_user_meta=False, metas=['./colcon.meta'], base_paths=['/home/brains/Desktop/robotic_arm'], packages_ignore=None, packages_ignore_regex=None, paths=None, packages_up_to=None, packages_up_to_regex=None, packages_above=None, packages_above_and_dependencies=None, packages_above_depth=None, packages_select_by_dep=None, packages_skip_by_dep=None, packages_skip_up_to=None, packages_select_build_failed=False, packages_skip_build_finished=False, packages_select_test_failures=False, packages_skip_test_passed=False, packages_select=None, packages_skip=None, packages_select_regex=None, packages_skip_regex=None, packages_start=None, packages_end=None, allow_overriding=[], topological_order=False, names_only=False, paths_only=True, topological_graph=False, topological_graph_dot=False, topological_graph_density=False, topological_graph_legend=False, topological_graph_dot_cluster=False, topological_graph_dot_include_skipped=False, mixin_files=None, mixin=None, verb_parser=<colcon_mixin.mixin.mixin_argument.MixinArgumentDecorator object at 0x77f91698f350>, verb_extension=<colcon_package_information.verb.list.ListVerb object at 0x77f916abed50>, main=<bound method ListVerb.main of <colcon_package_information.verb.list.ListVerb object at 0x77f916abed50>>, mixin_verb=('list',))
[0.107s] Level 1:colcon.colcon_core.package_discovery:discover_packages(colcon_meta) check parameters
[0.107s] Level 1:colcon.colcon_core.package_discovery:discover_packages(recursive) check parameters
[0.107s] Level 1:colcon.colcon_core.package_discovery:discover_packages(ignore) check parameters
[0.108s] Level 1:colcon.colcon_core.package_discovery:discover_packages(path) check parameters
[0.108s] Level 1:colcon.colcon_core.package_discovery:discover_packages(recursive) discover
[0.108s] INFO:colcon.colcon_core.package_discovery:Crawling recursively for packages in '/home/brains/Desktop/robotic_arm'
[0.108s] Level 1:colcon.colcon_core.package_identification:_identify(/home/brains/Desktop/robotic_arm) by extensions ['ignore', 'ignore_ament_install']
[0.108s] Level 1:colcon.colcon_core.package_identification:_identify(/home/brains/Desktop/robotic_arm) by extension 'ignore'
[0.108s] Level 1:colcon.colcon_core.package_identification:_identify(/home/brains/Desktop/robotic_arm) by extension 'ignore_ament_install'
[0.108s] Level 1:colcon.colcon_core.package_identification:_identify(/home/brains/Desktop/robotic_arm) by extensions ['colcon_pkg']
[0.108s] Level 1:colcon.colcon_core.package_identification:_identify(/home/brains/Desktop/robotic_arm) by extension 'colcon_pkg'
[0.108s] Level 1:colcon.colcon_core.package_identification:_identify(/home/brains/Desktop/robotic_arm) by extensions ['colcon_meta']
[0.108s] Level 1:colcon.colcon_core.package_identification:_identify(/home/brains/Desktop/robotic_arm) by extension 'colcon_meta'
[0.108s] Level 1:colcon.colcon_core.package_identification:_identify(/home/brains/Desktop/robotic_arm) by extensions ['ros']
[0.108s] Level 1:colcon.colcon_core.package_identification:_identify(/home/brains/Desktop/robotic_arm) by extension 'ros'
[0.128s] Level 1:colcon.colcon_core.package_identification:_identify(/home/brains/Desktop/robotic_arm) by extensions ['cmake', 'python']
[0.128s] Level 1:colcon.colcon_core.package_identification:_identify(/home/brains/Desktop/robotic_arm) by extension 'cmake'
[0.128s] Level 1:colcon.colcon_core.package_identification:_identify(/home/brains/Desktop/robotic_arm) by extension 'python'
[0.128s] Level 1:colcon.colcon_core.package_identification:_identify(/home/brains/Desktop/robotic_arm) by extensions ['python_setup_py']
[0.128s] Level 1:colcon.colcon_core.package_identification:_identify(/home/brains/Desktop/robotic_arm) by extension 'python_setup_py'
[0.128s] Level 1:colcon.colcon_core.package_identification:_identify(/home/brains/Desktop/robotic_arm/build) by extensions ['ignore', 'ignore_ament_install']
[0.129s] Level 1:colcon.colcon_core.package_identification:_identify(/home/brains/Desktop/robotic_arm/build) by extension 'ignore'
[0.129s] Level 1:colcon.colcon_core.package_identification:_identify(/home/brains/Desktop/robotic_arm/build) ignored
[0.129s] Level 1:colcon.colcon_core.package_identification:_identify(/home/brains/Desktop/robotic_arm/install) by extensions ['ignore', 'ignore_ament_install']
[0.129s] Level 1:colcon.colcon_core.package_identification:_identify(/home/brains/Desktop/robotic_arm/install) by extension 'ignore'
[0.129s] Level 1:colcon.colcon_core.package_identification:_identify(/home/brains/Desktop/robotic_arm/install) ignored
[0.129s] Level 1:colcon.colcon_core.package_identification:_identify(/home/brains/Desktop/robotic_arm/log) by extensions ['ignore', 'ignore_ament_install']
[0.129s] Level 1:colcon.colcon_core.package_identification:_identify(/home/brains/Desktop/robotic_arm/log) by extension 'ignore'
[0.129s] Level 1:colcon.colcon_core.package_identification:_identify(/home/brains/Desktop/robotic_arm/log) ignored
[0.129s] Level 1:colcon.colcon_core.package_identification:_identify(/home/brains/Desktop/robotic_arm/src) by extensions ['ignore', 'ignore_ament_install']
[0.129s] Level 1:colcon.colcon_core.package_identification:_identify(/home/brains/Desktop/robotic_arm/src) by extension 'ignore'
[0.129s] Level 1:colcon.colcon_core.package_identification:_identify(/home/brains/Desktop/robotic_arm/src) by extension 'ignore_ament_install'
[0.129s] Level 1:colcon.colcon_core.package_identification:_identify(/home/brains/Desktop/robotic_arm/src) by extensions ['colcon_pkg']
[0.129s] Level 1:colcon.colcon_core.package_identification:_identify(/home/brains/Desktop/robotic_arm/src) by extension 'colcon_pkg'
[0.129s] Level 1:colcon.colcon_core.package_identification:_identify(/home/brains/Desktop/robotic_arm/src) by extensions ['colcon_meta']
[0.129s] Level 1:colcon.colcon_core.package_identification:_identify(/home/brains/Desktop/robotic_arm/src) by extension 'colcon_meta'
[0.129s] Level 1:colcon.colcon_core.package_identification:_identify(/home/brains/Desktop/robotic_arm/src) by extensions ['ros']
[0.129s] Level 1:colcon.colcon_core.package_identification:_identify(/home/brains/Desktop/robotic_arm/src) by extension 'ros'
[0.129s] Level 1:colcon.colcon_core.package_identification:_identify(/home/brains/Desktop/robotic_arm/src) by extensions ['cmake', 'python']
[0.129s] Level 1:colcon.colcon_core.package_identification:_identify(/home/brains/Desktop/robotic_arm/src) by extension 'cmake'
[0.129s] Level 1:colcon.colcon_core.package_identification:_identify(/home/brains/Desktop/robotic_arm/src) by extension 'python'
[0.129s] Level 1:colcon.colcon_core.package_identification:_identify(/home/brains/Desktop/robotic_arm/src) by extensions ['python_setup_py']
[0.129s] Level 1:colcon.colcon_core.package_identification:_identify(/home/brains/Desktop/robotic_arm/src) by extension 'python_setup_py'
[0.130s] Level 1:colcon.colcon_core.package_identification:_identify(/home/brains/Desktop/robotic_arm/src/robotic_arm) by extensions ['ignore', 'ignore_ament_install']
[0.130s] Level 1:colcon.colcon_core.package_identification:_identify(/home/brains/Desktop/robotic_arm/src/robotic_arm) by extension 'ignore'
[0.130s] Level 1:colcon.colcon_core.package_identification:_identify(/home/brains/Desktop/robotic_arm/src/robotic_arm) by extension 'ignore_ament_install'
[0.130s] Level 1:colcon.colcon_core.package_identification:_identify(/home/brains/Desktop/robotic_arm/src/robotic_arm) by extensions ['colcon_pkg']
[0.130s] Level 1:colcon.colcon_core.package_identification:_identify(/home/brains/Desktop/robotic_arm/src/robotic_arm) by extension 'colcon_pkg'
[0.130s] Level 1:colcon.colcon_core.package_identification:_identify(/home/brains/Desktop/robotic_arm/src/robotic_arm) by extensions ['colcon_meta']
[0.130s] Level 1:colcon.colcon_core.package_identification:_identify(/home/brains/Desktop/robotic_arm/src/robotic_arm) by extension 'colcon_meta'
[0.130s] Level 1:colcon.colcon_core.package_identification:_identify(/home/brains/Desktop/robotic_arm/src/robotic_arm) by extensions ['ros']
[0.130s] Level 1:colcon.colcon_core.package_identification:_identify(/home/brains/Desktop/robotic_arm/src/robotic_arm) by extension 'ros'
[0.132s] DEBUG:colcon.colcon_core.package_identification:Package '/home/brains/Desktop/robotic_arm/src/robotic_arm' with type 'ros.ament_python' and name 'robotic_arm'
[0.132s] Level 1:colcon.colcon_core.package_discovery:discover_packages(recursive) using defaults
